<?xml version="1.0" encoding="UTF-8"?>
<!-- Generated by org.testng.reporters.JUnitXMLReporter -->
<testsuite hostname="DESKTOP-T7NPA44" ignored="18" name="Surefire test" tests="4" failures="0" timestamp="20 Nov 2019 08:21:17 GMT" time="437.746" errors="0">
  <testcase name="tc_Packge_BloreWhitefieldLuxuryPackage" time="85.943" classname="core.tests.Package"/>
  <testcase name="tc_Packge_PuneKalyaniNagarSignaturePackage" time="88.326" classname="core.tests.Package"/>
  <testcase name="tc_Packge_PuneShivajiNagarLuxuryPackage" time="81.674" classname="core.tests.Package"/>
  <testcase name="tc_Packge_PuneShivajiNagarSignaturePackage" time="89.457" classname="core.tests.Package"/>
  <testcase name="tc_Packge_BloreBellandurSignaturePackage" time="0.0" classname="core.tests.Package">
    <ignored/>
  </testcase> <!-- tc_Packge_BloreBellandurSignaturePackage -->
  <testcase name="tc_Packge_MumbaiMaladSignaturePackage" time="0.0" classname="core.tests.Package">
    <ignored/>
  </testcase> <!-- tc_Packge_MumbaiMaladSignaturePackage -->
  <testcase name="tc_Packge_ChennaiTNagarLuxurySingleRoomPackage" time="0.0" classname="core.tests.Package">
    <ignored/>
  </testcase> <!-- tc_Packge_ChennaiTNagarLuxurySingleRoomPackage -->
  <testcase name="tc_Packge_HRBRSignaturePackage" time="0.0" classname="core.tests.Package">
    <ignored/>
  </testcase> <!-- tc_Packge_HRBRSignaturePackage -->
  <testcase name="tc_Packge_HRBRLuxuryPackage" time="0.0" classname="core.tests.Package">
    <ignored/>
  </testcase> <!-- tc_Packge_HRBRLuxuryPackage -->
  <testcase name="tc_Packge_MumbaiVashiSuitePackage" time="0.0" classname="core.tests.Package">
    <ignored/>
  </testcase> <!-- tc_Packge_MumbaiVashiSuitePackage -->
  <testcase name="tc_Packge_BloreMalleshwaramSignaturePackage" time="0.0" classname="core.tests.Package">
    <ignored/>
  </testcase> <!-- tc_Packge_BloreMalleshwaramSignaturePackage -->
  <testcase name="tc_Packge_BloreWhitefieldSignaturePackage" time="0.0" classname="core.tests.Package">
    <ignored/>
  </testcase> <!-- tc_Packge_BloreWhitefieldSignaturePackage -->
  <testcase name="tc_Packge_ChennaiTNagarSignatureSuitPackage" time="0.0" classname="core.tests.Package">
    <ignored/>
  </testcase> <!-- tc_Packge_ChennaiTNagarSignatureSuitPackage -->
  <testcase name="tc_Packge_GurgaonSector47SignaturePackage" time="0.0" classname="core.tests.Package">
    <ignored/>
  </testcase> <!-- tc_Packge_GurgaonSector47SignaturePackage -->
  <testcase name="tc_Packge_BloreMalleshwaramLuxuryPackage" time="0.0" classname="core.tests.Package">
    <ignored/>
  </testcase> <!-- tc_Packge_BloreMalleshwaramLuxuryPackage -->
  <testcase name="tc_Packge_BloreJayanagarSignaturePackage" time="0.0" classname="core.tests.Package">
    <ignored/>
  </testcase> <!-- tc_Packge_BloreJayanagarSignaturePackage -->
  <testcase name="tc_Packge_BloreJayanagarLuxuryPackage" time="0.0" classname="core.tests.Package">
    <ignored/>
  </testcase> <!-- tc_Packge_BloreJayanagarLuxuryPackage -->
  <testcase name="tc_Packge_MumbaiVashiDeluxePackage" time="0.0" classname="core.tests.Package">
    <ignored/>
  </testcase> <!-- tc_Packge_MumbaiVashiDeluxePackage -->
  <testcase name="tc_Packge_PuneKalyaniNagarLuxuryPackage" time="0.0" classname="core.tests.Package">
    <ignored/>
  </testcase> <!-- tc_Packge_PuneKalyaniNagarLuxuryPackage -->
  <testcase name="tc_Packge_BloreOARSignaturePackage" time="0.0" classname="core.tests.Package">
    <ignored/>
  </testcase> <!-- tc_Packge_BloreOARSignaturePackage -->
  <testcase name="tc_Packge_BloreOARLuxuryPackage" time="0.0" classname="core.tests.Package">
    <ignored/>
  </testcase> <!-- tc_Packge_BloreOARLuxuryPackage -->
  <testcase name="tc_Packge_MumbaiMaladLuxuryPackage" time="0.0" classname="core.tests.Package">
    <ignored/>
  </testcase> <!-- tc_Packge_MumbaiMaladLuxuryPackage -->
</testsuite> <!-- Surefire test -->
