<?xml version="1.0" encoding="UTF-8"?>
<!-- Generated by org.testng.reporters.JUnitXMLReporter -->
<testsuite hostname="DESKTOP-T7NPA44" ignored="1" name="Surefire test" tests="1" failures="0" timestamp="21 Nov 2019 09:18:30 GMT" time="58.442" errors="0">
  <testcase name="tc_LoginWithValidMobileNoAndInvalidPass" time="35.98" classname="core.tests.Login"/>
  <testcase name="tc_LoginWithValidMobileNoAndValidPass" time="0.0" classname="core.tests.Login">
    <ignored/>
  </testcase> <!-- tc_LoginWithValidMobileNoAndValidPass -->
</testsuite> <!-- Surefire test -->
