<?xml version="1.0" encoding="UTF-8"?>
<testsuite xmlns:xsi="http://www.w3.org/2001/XMLSchema-instance" xsi:schemaLocation="https://maven.apache.org/surefire/maven-surefire-plugin/xsd/surefire-test-report.xsd" name="core.tests.Package" time="2,411.975" tests="20" errors="0" skipped="0" failures="20">
  <properties>
[...]
</properties>
  <testcase name="tc_Packge_BloreBellandurSignaturePackage" classname="core.tests.Package" time="100.326">
    <failure message="Failure in Creating Control =&gt; Platform: ANDROID, Page: HomePage, Control Name: payNowBtn, Locator Type: XPATH, Locator Value: //*[contains(@text, &apos;PAY NOW&apos;)]. Exception: Index: 0, Size: 0" type="java.lang.Exception">java.lang.Exception: Failure in Creating Control => Platform: ANDROID, Page: HomePage, Control Name: payNowBtn, Locator Type: XPATH, Locator Value: //*[contains(@text, 'PAY NOW')]. Exception: Index: 0, Size: 0
	at core.tests.Package.tc_Packge_BloreBellandurSignaturePackage(Package.java:90)
</failure>
    <system-out><![CDATA[[INFO ] [Thread:main] 2019-11-19 16:47:02,358 core.tests.SupportTest.runOncePerSuite:L37 - Central setup completed.
[INFO ] [Thread:main] 2019-11-19 16:47:02,369 core.tests.SupportTest.runOncePerContext:L42 - Test context setup started for Surefire test test.
[INFO ] [Thread:main] 2019-11-19 16:47:02,380 core.tests.SupportTest.runOncePerContext:L44 - Test context setup completed for Surefire test test.
[INFO ] [Thread:main] 2019-11-19 16:47:02,402 core.tests.SupportTest.runOncePerMethod:L56 - Set up for test method [tc_Packge_BloreBellandurSignaturePackage] started.
[INFO ] [Thread:main] 2019-11-19 16:47:25,998 core.tests.SupportTest.runOncePerMethod:L64 - Set up for test method [tc_Packge_BloreBellandurSignaturePackage] ended.
]]></system-out>
    <system-err><![CDATA[SLF4J: Failed to load class "org.slf4j.impl.StaticLoggerBinder".
SLF4J: Defaulting to no-operation (NOP) logger implementation
SLF4J: See http://www.slf4j.org/codes.html#StaticLoggerBinder for further details.
Nov 19, 2019 4:47:25 PM org.openqa.selenium.remote.ProtocolHandshake createSession
INFO: Detected dialect: OSS
]]></system-err>
  </testcase>
  <testcase name="tc_Packge_BloreJayanagarLuxuryPackage" classname="core.tests.Package" time="98.947">
    <failure message="Failure in Creating Control =&gt; Platform: ANDROID, Page: HomePage, Control Name: payNowBtn, Locator Type: XPATH, Locator Value: //*[contains(@text, &apos;PAY NOW&apos;)]. Exception: Index: 0, Size: 0" type="java.lang.Exception">java.lang.Exception: Failure in Creating Control => Platform: ANDROID, Page: HomePage, Control Name: payNowBtn, Locator Type: XPATH, Locator Value: //*[contains(@text, 'PAY NOW')]. Exception: Index: 0, Size: 0
	at core.tests.Package.tc_Packge_BloreJayanagarLuxuryPackage(Package.java:50)
</failure>
    <system-out><![CDATA[[INFO ] [Thread:main] 2019-11-19 16:49:06,337 core.tests.SupportTest.tearDown:L69 - Tear down for test method [tc_Packge_BloreBellandurSignaturePackage] started.
[INFO ] [Thread:main] 2019-11-19 16:49:07,757 core.tests.SupportTest.tearDown:L77 - Tear down for test method [tc_Packge_BloreBellandurSignaturePackage] ended.
[INFO ] [Thread:main] 2019-11-19 16:49:07,758 core.tests.SupportTest.runOncePerMethod:L56 - Set up for test method [tc_Packge_BloreJayanagarLuxuryPackage] started.
[INFO ] [Thread:main] 2019-11-19 16:49:31,004 core.tests.SupportTest.runOncePerMethod:L64 - Set up for test method [tc_Packge_BloreJayanagarLuxuryPackage] ended.
]]></system-out>
    <system-err><![CDATA[Nov 19, 2019 4:49:30 PM org.openqa.selenium.remote.ProtocolHandshake createSession
INFO: Detected dialect: OSS
]]></system-err>
  </testcase>
  <testcase name="tc_Packge_BloreJayanagarSignaturePackage" classname="core.tests.Package" time="97.973">
    <failure message="Failure in Creating Control =&gt; Platform: ANDROID, Page: HomePage, Control Name: payNowBtn, Locator Type: XPATH, Locator Value: //*[contains(@text, &apos;PAY NOW&apos;)]. Exception: Index: 0, Size: 0" type="java.lang.Exception">java.lang.Exception: Failure in Creating Control => Platform: ANDROID, Page: HomePage, Control Name: payNowBtn, Locator Type: XPATH, Locator Value: //*[contains(@text, 'PAY NOW')]. Exception: Index: 0, Size: 0
	at core.tests.Package.tc_Packge_BloreJayanagarSignaturePackage(Package.java:42)
</failure>
    <system-out><![CDATA[[INFO ] [Thread:main] 2019-11-19 16:51:09,966 core.tests.SupportTest.tearDown:L69 - Tear down for test method [tc_Packge_BloreJayanagarLuxuryPackage] started.
[INFO ] [Thread:main] 2019-11-19 16:51:11,394 core.tests.SupportTest.tearDown:L77 - Tear down for test method [tc_Packge_BloreJayanagarLuxuryPackage] ended.
[INFO ] [Thread:main] 2019-11-19 16:51:11,395 core.tests.SupportTest.runOncePerMethod:L56 - Set up for test method [tc_Packge_BloreJayanagarSignaturePackage] started.
[INFO ] [Thread:main] 2019-11-19 16:51:33,657 core.tests.SupportTest.runOncePerMethod:L64 - Set up for test method [tc_Packge_BloreJayanagarSignaturePackage] ended.
]]></system-out>
    <system-err><![CDATA[Nov 19, 2019 4:51:33 PM org.openqa.selenium.remote.ProtocolHandshake createSession
INFO: Detected dialect: OSS
]]></system-err>
  </testcase>
  <testcase name="tc_Packge_BloreMalleshwaramLuxuryPackage" classname="core.tests.Package" time="97.896">
    <failure message="Failure in Creating Control =&gt; Platform: ANDROID, Page: HomePage, Control Name: payNowBtn, Locator Type: XPATH, Locator Value: //*[contains(@text, &apos;PAY NOW&apos;)]. Exception: Index: 0, Size: 0" type="java.lang.Exception">java.lang.Exception: Failure in Creating Control => Platform: ANDROID, Page: HomePage, Control Name: payNowBtn, Locator Type: XPATH, Locator Value: //*[contains(@text, 'PAY NOW')]. Exception: Index: 0, Size: 0
	at core.tests.Package.tc_Packge_BloreMalleshwaramLuxuryPackage(Package.java:34)
</failure>
    <system-out><![CDATA[[INFO ] [Thread:main] 2019-11-19 16:53:11,642 core.tests.SupportTest.tearDown:L69 - Tear down for test method [tc_Packge_BloreJayanagarSignaturePackage] started.
[INFO ] [Thread:main] 2019-11-19 16:53:13,005 core.tests.SupportTest.tearDown:L77 - Tear down for test method [tc_Packge_BloreJayanagarSignaturePackage] ended.
[INFO ] [Thread:main] 2019-11-19 16:53:13,006 core.tests.SupportTest.runOncePerMethod:L56 - Set up for test method [tc_Packge_BloreMalleshwaramLuxuryPackage] started.
[INFO ] [Thread:main] 2019-11-19 16:53:35,418 core.tests.SupportTest.runOncePerMethod:L64 - Set up for test method [tc_Packge_BloreMalleshwaramLuxuryPackage] ended.
]]></system-out>
    <system-err><![CDATA[Nov 19, 2019 4:53:35 PM org.openqa.selenium.remote.ProtocolHandshake createSession
INFO: Detected dialect: OSS
]]></system-err>
  </testcase>
  <testcase name="tc_Packge_BloreMalleshwaramSignaturePackage" classname="core.tests.Package" time="97.555">
    <failure message="Failure in Creating Control =&gt; Platform: ANDROID, Page: HomePage, Control Name: payNowBtn, Locator Type: XPATH, Locator Value: //*[contains(@text, &apos;PAY NOW&apos;)]. Exception: Index: 0, Size: 0" type="java.lang.Exception">java.lang.Exception: Failure in Creating Control => Platform: ANDROID, Page: HomePage, Control Name: payNowBtn, Locator Type: XPATH, Locator Value: //*[contains(@text, 'PAY NOW')]. Exception: Index: 0, Size: 0
	at core.tests.Package.tc_Packge_BloreMalleshwaramSignaturePackage(Package.java:26)
</failure>
    <system-out><![CDATA[[INFO ] [Thread:main] 2019-11-19 16:55:13,343 core.tests.SupportTest.tearDown:L69 - Tear down for test method [tc_Packge_BloreMalleshwaramLuxuryPackage] started.
[INFO ] [Thread:main] 2019-11-19 16:55:14,634 core.tests.SupportTest.tearDown:L77 - Tear down for test method [tc_Packge_BloreMalleshwaramLuxuryPackage] ended.
[INFO ] [Thread:main] 2019-11-19 16:55:14,635 core.tests.SupportTest.runOncePerMethod:L56 - Set up for test method [tc_Packge_BloreMalleshwaramSignaturePackage] started.
[INFO ] [Thread:main] 2019-11-19 16:55:36,866 core.tests.SupportTest.runOncePerMethod:L64 - Set up for test method [tc_Packge_BloreMalleshwaramSignaturePackage] ended.
]]></system-out>
    <system-err><![CDATA[Nov 19, 2019 4:55:36 PM org.openqa.selenium.remote.ProtocolHandshake createSession
INFO: Detected dialect: OSS
]]></system-err>
  </testcase>
  <testcase name="tc_Packge_BloreOARLuxuryPackage" classname="core.tests.Package" time="97.616">
    <failure message="Failure in Creating Control =&gt; Platform: ANDROID, Page: HomePage, Control Name: payNowBtn, Locator Type: XPATH, Locator Value: //*[contains(@text, &apos;PAY NOW&apos;)]. Exception: Index: 0, Size: 0" type="java.lang.Exception">java.lang.Exception: Failure in Creating Control => Platform: ANDROID, Page: HomePage, Control Name: payNowBtn, Locator Type: XPATH, Locator Value: //*[contains(@text, 'PAY NOW')]. Exception: Index: 0, Size: 0
	at core.tests.Package.tc_Packge_BloreOARLuxuryPackage(Package.java:82)
</failure>
    <system-out><![CDATA[[INFO ] [Thread:main] 2019-11-19 16:57:14,431 core.tests.SupportTest.tearDown:L69 - Tear down for test method [tc_Packge_BloreMalleshwaramSignaturePackage] started.
[INFO ] [Thread:main] 2019-11-19 16:57:15,752 core.tests.SupportTest.tearDown:L77 - Tear down for test method [tc_Packge_BloreMalleshwaramSignaturePackage] ended.
[INFO ] [Thread:main] 2019-11-19 16:57:15,753 core.tests.SupportTest.runOncePerMethod:L56 - Set up for test method [tc_Packge_BloreOARLuxuryPackage] started.
[INFO ] [Thread:main] 2019-11-19 16:57:38,014 core.tests.SupportTest.runOncePerMethod:L64 - Set up for test method [tc_Packge_BloreOARLuxuryPackage] ended.
]]></system-out>
    <system-err><![CDATA[Nov 19, 2019 4:57:37 PM org.openqa.selenium.remote.ProtocolHandshake createSession
INFO: Detected dialect: OSS
]]></system-err>
  </testcase>
  <testcase name="tc_Packge_BloreOARSignaturePackage" classname="core.tests.Package" time="95.532">
    <failure message="Failure in Creating Control =&gt; Platform: ANDROID, Page: HomePage, Control Name: payNowBtn, Locator Type: XPATH, Locator Value: //*[contains(@text, &apos;PAY NOW&apos;)]. Exception: Index: 0, Size: 0" type="java.lang.Exception">java.lang.Exception: Failure in Creating Control => Platform: ANDROID, Page: HomePage, Control Name: payNowBtn, Locator Type: XPATH, Locator Value: //*[contains(@text, 'PAY NOW')]. Exception: Index: 0, Size: 0
	at core.tests.Package.tc_Packge_BloreOARSignaturePackage(Package.java:74)
</failure>
    <system-out><![CDATA[[INFO ] [Thread:main] 2019-11-19 16:59:15,640 core.tests.SupportTest.tearDown:L69 - Tear down for test method [tc_Packge_BloreOARLuxuryPackage] started.
[INFO ] [Thread:main] 2019-11-19 16:59:16,975 core.tests.SupportTest.tearDown:L77 - Tear down for test method [tc_Packge_BloreOARLuxuryPackage] ended.
[INFO ] [Thread:main] 2019-11-19 16:59:16,976 core.tests.SupportTest.runOncePerMethod:L56 - Set up for test method [tc_Packge_BloreOARSignaturePackage] started.
[INFO ] [Thread:main] 2019-11-19 16:59:39,193 core.tests.SupportTest.runOncePerMethod:L64 - Set up for test method [tc_Packge_BloreOARSignaturePackage] ended.
]]></system-out>
    <system-err><![CDATA[Nov 19, 2019 4:59:39 PM org.openqa.selenium.remote.ProtocolHandshake createSession
INFO: Detected dialect: OSS
]]></system-err>
  </testcase>
  <testcase name="tc_Packge_BloreWhitefieldLuxuryPackage" classname="core.tests.Package" time="95.814">
    <failure message="Failure in Creating Control =&gt; Platform: ANDROID, Page: HomePage, Control Name: payNowBtn, Locator Type: XPATH, Locator Value: //*[contains(@text, &apos;PAY NOW&apos;)]. Exception: Index: 0, Size: 0" type="java.lang.Exception">java.lang.Exception: Failure in Creating Control => Platform: ANDROID, Page: HomePage, Control Name: payNowBtn, Locator Type: XPATH, Locator Value: //*[contains(@text, 'PAY NOW')]. Exception: Index: 0, Size: 0
	at core.tests.Package.tc_Packge_BloreWhitefieldLuxuryPackage(Package.java:66)
</failure>
    <system-out><![CDATA[[INFO ] [Thread:main] 2019-11-19 17:01:14,735 core.tests.SupportTest.tearDown:L69 - Tear down for test method [tc_Packge_BloreOARSignaturePackage] started.
[INFO ] [Thread:main] 2019-11-19 17:01:16,080 core.tests.SupportTest.tearDown:L77 - Tear down for test method [tc_Packge_BloreOARSignaturePackage] ended.
[INFO ] [Thread:main] 2019-11-19 17:01:16,081 core.tests.SupportTest.runOncePerMethod:L56 - Set up for test method [tc_Packge_BloreWhitefieldLuxuryPackage] started.
[INFO ] [Thread:main] 2019-11-19 17:01:38,414 core.tests.SupportTest.runOncePerMethod:L64 - Set up for test method [tc_Packge_BloreWhitefieldLuxuryPackage] ended.
]]></system-out>
    <system-err><![CDATA[Nov 19, 2019 5:01:38 PM org.openqa.selenium.remote.ProtocolHandshake createSession
INFO: Detected dialect: OSS
]]></system-err>
  </testcase>
  <testcase name="tc_Packge_BloreWhitefieldSignaturePackage" classname="core.tests.Package" time="98.422">
    <failure message="Failure in Creating Control =&gt; Platform: ANDROID, Page: HomePage, Control Name: payNowBtn, Locator Type: XPATH, Locator Value: //*[contains(@text, &apos;PAY NOW&apos;)]. Exception: Index: 0, Size: 0" type="java.lang.Exception">java.lang.Exception: Failure in Creating Control => Platform: ANDROID, Page: HomePage, Control Name: payNowBtn, Locator Type: XPATH, Locator Value: //*[contains(@text, 'PAY NOW')]. Exception: Index: 0, Size: 0
	at core.tests.Package.tc_Packge_BloreWhitefieldSignaturePackage(Package.java:58)
</failure>
    <system-out><![CDATA[[INFO ] [Thread:main] 2019-11-19 17:03:14,237 core.tests.SupportTest.tearDown:L69 - Tear down for test method [tc_Packge_BloreWhitefieldLuxuryPackage] started.
[INFO ] [Thread:main] 2019-11-19 17:03:15,565 core.tests.SupportTest.tearDown:L77 - Tear down for test method [tc_Packge_BloreWhitefieldLuxuryPackage] ended.
[INFO ] [Thread:main] 2019-11-19 17:03:15,566 core.tests.SupportTest.runOncePerMethod:L56 - Set up for test method [tc_Packge_BloreWhitefieldSignaturePackage] started.
[INFO ] [Thread:main] 2019-11-19 17:03:37,523 core.tests.SupportTest.runOncePerMethod:L64 - Set up for test method [tc_Packge_BloreWhitefieldSignaturePackage] ended.
]]></system-out>
    <system-err><![CDATA[Nov 19, 2019 5:03:37 PM org.openqa.selenium.remote.ProtocolHandshake createSession
INFO: Detected dialect: OSS
]]></system-err>
  </testcase>
  <testcase name="tc_Packge_GurgaonSector47SignaturePackage" classname="core.tests.Package" time="96.714">
    <failure message="Failure in Creating Control =&gt; Platform: ANDROID, Page: HomePage, Control Name: payNowBtn, Locator Type: XPATH, Locator Value: //*[contains(@text, &apos;PAY NOW&apos;)]. Exception: Index: 0, Size: 0" type="java.lang.Exception">java.lang.Exception: Failure in Creating Control => Platform: ANDROID, Page: HomePage, Control Name: payNowBtn, Locator Type: XPATH, Locator Value: //*[contains(@text, 'PAY NOW')]. Exception: Index: 0, Size: 0
	at core.tests.Package.tc_Packge_GurgaonSector47SignaturePackage(Package.java:162)
</failure>
    <system-out><![CDATA[[INFO ] [Thread:main] 2019-11-19 17:05:15,956 core.tests.SupportTest.tearDown:L69 - Tear down for test method [tc_Packge_BloreWhitefieldSignaturePackage] started.
[INFO ] [Thread:main] 2019-11-19 17:05:17,283 core.tests.SupportTest.tearDown:L77 - Tear down for test method [tc_Packge_BloreWhitefieldSignaturePackage] ended.
[INFO ] [Thread:main] 2019-11-19 17:05:17,284 core.tests.SupportTest.runOncePerMethod:L56 - Set up for test method [tc_Packge_GurgaonSector47SignaturePackage] started.
[INFO ] [Thread:main] 2019-11-19 17:05:40,380 core.tests.SupportTest.runOncePerMethod:L64 - Set up for test method [tc_Packge_GurgaonSector47SignaturePackage] ended.
]]></system-out>
    <system-err><![CDATA[Nov 19, 2019 5:05:40 PM org.openqa.selenium.remote.ProtocolHandshake createSession
INFO: Detected dialect: OSS
]]></system-err>
  </testcase>
  <testcase name="tc_Packge_HRBRLuxuryPackage" classname="core.tests.Package" time="83.273">
    <failure message="Failure in Creating Control =&gt; Platform: ANDROID, Page: HomePage, Control Name: payNowBtn, Locator Type: XPATH, Locator Value: //*[contains(@text, &apos;PAY NOW&apos;)]. Exception: Index: 0, Size: 0" type="java.lang.Exception">java.lang.Exception: Failure in Creating Control => Platform: ANDROID, Page: HomePage, Control Name: payNowBtn, Locator Type: XPATH, Locator Value: //*[contains(@text, 'PAY NOW')]. Exception: Index: 0, Size: 0
	at core.tests.Package.tc_Packge_HRBRLuxuryPackage(Package.java:18)
</failure>
    <system-out><![CDATA[[INFO ] [Thread:main] 2019-11-19 17:07:17,105 core.tests.SupportTest.tearDown:L69 - Tear down for test method [tc_Packge_GurgaonSector47SignaturePackage] started.
[INFO ] [Thread:main] 2019-11-19 17:07:18,461 core.tests.SupportTest.tearDown:L77 - Tear down for test method [tc_Packge_GurgaonSector47SignaturePackage] ended.
[INFO ] [Thread:main] 2019-11-19 17:07:18,461 core.tests.SupportTest.runOncePerMethod:L56 - Set up for test method [tc_Packge_HRBRLuxuryPackage] started.
[INFO ] [Thread:main] 2019-11-19 17:07:41,180 core.tests.SupportTest.runOncePerMethod:L64 - Set up for test method [tc_Packge_HRBRLuxuryPackage] ended.
]]></system-out>
    <system-err><![CDATA[Nov 19, 2019 5:07:41 PM org.openqa.selenium.remote.ProtocolHandshake createSession
INFO: Detected dialect: OSS
]]></system-err>
  </testcase>
  <testcase name="tc_Packge_HRBRSignaturePackage" classname="core.tests.Package" time="81.93">
    <failure message="Failure in Creating Control =&gt; Platform: ANDROID, Page: HomePage, Control Name: payNowBtn, Locator Type: XPATH, Locator Value: //*[contains(@text, &apos;PAY NOW&apos;)]. Exception: Index: 0, Size: 0" type="java.lang.Exception">java.lang.Exception: Failure in Creating Control => Platform: ANDROID, Page: HomePage, Control Name: payNowBtn, Locator Type: XPATH, Locator Value: //*[contains(@text, 'PAY NOW')]. Exception: Index: 0, Size: 0
	at core.tests.Package.tc_Packge_HRBRSignaturePackage(Package.java:10)
</failure>
    <system-out><![CDATA[[INFO ] [Thread:main] 2019-11-19 17:09:04,459 core.tests.SupportTest.tearDown:L69 - Tear down for test method [tc_Packge_HRBRLuxuryPackage] started.
[INFO ] [Thread:main] 2019-11-19 17:09:05,918 core.tests.SupportTest.tearDown:L77 - Tear down for test method [tc_Packge_HRBRLuxuryPackage] ended.
[INFO ] [Thread:main] 2019-11-19 17:09:05,919 core.tests.SupportTest.runOncePerMethod:L56 - Set up for test method [tc_Packge_HRBRSignaturePackage] started.
[INFO ] [Thread:main] 2019-11-19 17:09:28,575 core.tests.SupportTest.runOncePerMethod:L64 - Set up for test method [tc_Packge_HRBRSignaturePackage] ended.
]]></system-out>
    <system-err><![CDATA[Nov 19, 2019 5:09:28 PM org.openqa.selenium.remote.ProtocolHandshake createSession
INFO: Detected dialect: OSS
]]></system-err>
  </testcase>
  <testcase name="tc_Packge_MumbaiMaladLuxuryPackage" classname="core.tests.Package" time="97.922">
    <failure message="Failure in Creating Control =&gt; Platform: ANDROID, Page: HomePage, Control Name: payNowBtn, Locator Type: XPATH, Locator Value: //*[contains(@text, &apos;PAY NOW&apos;)]. Exception: Index: 0, Size: 0" type="java.lang.Exception">java.lang.Exception: Failure in Creating Control => Platform: ANDROID, Page: HomePage, Control Name: payNowBtn, Locator Type: XPATH, Locator Value: //*[contains(@text, 'PAY NOW')]. Exception: Index: 0, Size: 0
	at core.tests.Package.tc_Packge_MumbaiMaladLuxuryPackage(Package.java:106)
</failure>
    <system-out><![CDATA[[INFO ] [Thread:main] 2019-11-19 17:10:50,511 core.tests.SupportTest.tearDown:L69 - Tear down for test method [tc_Packge_HRBRSignaturePackage] started.
[INFO ] [Thread:main] 2019-11-19 17:10:51,877 core.tests.SupportTest.tearDown:L77 - Tear down for test method [tc_Packge_HRBRSignaturePackage] ended.
[INFO ] [Thread:main] 2019-11-19 17:10:51,878 core.tests.SupportTest.runOncePerMethod:L56 - Set up for test method [tc_Packge_MumbaiMaladLuxuryPackage] started.
[INFO ] [Thread:main] 2019-11-19 17:11:14,267 core.tests.SupportTest.runOncePerMethod:L64 - Set up for test method [tc_Packge_MumbaiMaladLuxuryPackage] ended.
]]></system-out>
    <system-err><![CDATA[Nov 19, 2019 5:11:14 PM org.openqa.selenium.remote.ProtocolHandshake createSession
INFO: Detected dialect: OSS
]]></system-err>
  </testcase>
  <testcase name="tc_Packge_MumbaiMaladSignaturePackage" classname="core.tests.Package" time="98.95">
    <failure message="Failure in Creating Control =&gt; Platform: ANDROID, Page: HomePage, Control Name: payNowBtn, Locator Type: XPATH, Locator Value: //*[contains(@text, &apos;PAY NOW&apos;)]. Exception: Index: 0, Size: 0" type="java.lang.Exception">java.lang.Exception: Failure in Creating Control => Platform: ANDROID, Page: HomePage, Control Name: payNowBtn, Locator Type: XPATH, Locator Value: //*[contains(@text, 'PAY NOW')]. Exception: Index: 0, Size: 0
	at core.tests.Package.tc_Packge_MumbaiMaladSignaturePackage(Package.java:98)
</failure>
    <system-out><![CDATA[[INFO ] [Thread:main] 2019-11-19 17:12:52,198 core.tests.SupportTest.tearDown:L69 - Tear down for test method [tc_Packge_MumbaiMaladLuxuryPackage] started.
[INFO ] [Thread:main] 2019-11-19 17:12:53,575 core.tests.SupportTest.tearDown:L77 - Tear down for test method [tc_Packge_MumbaiMaladLuxuryPackage] ended.
[INFO ] [Thread:main] 2019-11-19 17:12:53,576 core.tests.SupportTest.runOncePerMethod:L56 - Set up for test method [tc_Packge_MumbaiMaladSignaturePackage] started.
[INFO ] [Thread:main] 2019-11-19 17:13:16,858 core.tests.SupportTest.runOncePerMethod:L64 - Set up for test method [tc_Packge_MumbaiMaladSignaturePackage] ended.
]]></system-out>
    <system-err><![CDATA[Nov 19, 2019 5:13:16 PM org.openqa.selenium.remote.ProtocolHandshake createSession
INFO: Detected dialect: OSS
]]></system-err>
  </testcase>
  <testcase name="tc_Packge_MumbaiVashiDeluxePackage" classname="core.tests.Package" time="98.441">
    <failure message="Failure in Creating Control =&gt; Platform: ANDROID, Page: HomePage, Control Name: payNowBtn, Locator Type: XPATH, Locator Value: //*[contains(@text, &apos;PAY NOW&apos;)]. Exception: Index: 0, Size: 0" type="java.lang.Exception">java.lang.Exception: Failure in Creating Control => Platform: ANDROID, Page: HomePage, Control Name: payNowBtn, Locator Type: XPATH, Locator Value: //*[contains(@text, 'PAY NOW')]. Exception: Index: 0, Size: 0
	at core.tests.Package.tc_Packge_MumbaiVashiDeluxePackage(Package.java:122)
</failure>
    <system-out><![CDATA[[INFO ] [Thread:main] 2019-11-19 17:14:55,815 core.tests.SupportTest.tearDown:L69 - Tear down for test method [tc_Packge_MumbaiMaladSignaturePackage] started.
[INFO ] [Thread:main] 2019-11-19 17:14:57,358 core.tests.SupportTest.tearDown:L77 - Tear down for test method [tc_Packge_MumbaiMaladSignaturePackage] ended.
[INFO ] [Thread:main] 2019-11-19 17:14:57,359 core.tests.SupportTest.runOncePerMethod:L56 - Set up for test method [tc_Packge_MumbaiVashiDeluxePackage] started.
[INFO ] [Thread:main] 2019-11-19 17:15:20,311 core.tests.SupportTest.runOncePerMethod:L64 - Set up for test method [tc_Packge_MumbaiVashiDeluxePackage] ended.
]]></system-out>
    <system-err><![CDATA[Nov 19, 2019 5:15:20 PM org.openqa.selenium.remote.ProtocolHandshake createSession
INFO: Detected dialect: OSS
]]></system-err>
  </testcase>
  <testcase name="tc_Packge_MumbaiVashiSuitePackage" classname="core.tests.Package" time="97.608">
    <failure message="Failure in Creating Control =&gt; Platform: ANDROID, Page: HomePage, Control Name: payNowBtn, Locator Type: XPATH, Locator Value: //*[contains(@text, &apos;PAY NOW&apos;)]. Exception: Index: 0, Size: 0" type="java.lang.Exception">java.lang.Exception: Failure in Creating Control => Platform: ANDROID, Page: HomePage, Control Name: payNowBtn, Locator Type: XPATH, Locator Value: //*[contains(@text, 'PAY NOW')]. Exception: Index: 0, Size: 0
	at core.tests.Package.tc_Packge_MumbaiVashiSuitePackage(Package.java:114)
</failure>
    <system-out><![CDATA[[INFO ] [Thread:main] 2019-11-19 17:16:58,761 core.tests.SupportTest.tearDown:L69 - Tear down for test method [tc_Packge_MumbaiVashiDeluxePackage] started.
[INFO ] [Thread:main] 2019-11-19 17:17:00,143 core.tests.SupportTest.tearDown:L77 - Tear down for test method [tc_Packge_MumbaiVashiDeluxePackage] ended.
[INFO ] [Thread:main] 2019-11-19 17:17:00,145 core.tests.SupportTest.runOncePerMethod:L56 - Set up for test method [tc_Packge_MumbaiVashiSuitePackage] started.
[INFO ] [Thread:main] 2019-11-19 17:17:23,020 core.tests.SupportTest.runOncePerMethod:L64 - Set up for test method [tc_Packge_MumbaiVashiSuitePackage] ended.
]]></system-out>
    <system-err><![CDATA[Nov 19, 2019 5:17:22 PM org.openqa.selenium.remote.ProtocolHandshake createSession
INFO: Detected dialect: OSS
]]></system-err>
  </testcase>
  <testcase name="tc_Packge_PuneKalyaniNagarLuxuryPackage" classname="core.tests.Package" time="97.692">
    <failure message="Failure in Creating Control =&gt; Platform: ANDROID, Page: HomePage, Control Name: payNowBtn, Locator Type: XPATH, Locator Value: //*[contains(@text, &apos;PAY NOW&apos;)]. Exception: Index: 0, Size: 0" type="java.lang.Exception">java.lang.Exception: Failure in Creating Control => Platform: ANDROID, Page: HomePage, Control Name: payNowBtn, Locator Type: XPATH, Locator Value: //*[contains(@text, 'PAY NOW')]. Exception: Index: 0, Size: 0
	at core.tests.Package.tc_Packge_PuneKalyaniNagarLuxuryPackage(Package.java:154)
</failure>
    <system-out><![CDATA[[INFO ] [Thread:main] 2019-11-19 17:19:00,638 core.tests.SupportTest.tearDown:L69 - Tear down for test method [tc_Packge_MumbaiVashiSuitePackage] started.
[INFO ] [Thread:main] 2019-11-19 17:19:02,061 core.tests.SupportTest.tearDown:L77 - Tear down for test method [tc_Packge_MumbaiVashiSuitePackage] ended.
[INFO ] [Thread:main] 2019-11-19 17:19:02,061 core.tests.SupportTest.runOncePerMethod:L56 - Set up for test method [tc_Packge_PuneKalyaniNagarLuxuryPackage] started.
[INFO ] [Thread:main] 2019-11-19 17:19:24,673 core.tests.SupportTest.runOncePerMethod:L64 - Set up for test method [tc_Packge_PuneKalyaniNagarLuxuryPackage] ended.
]]></system-out>
    <system-err><![CDATA[Nov 19, 2019 5:19:24 PM org.openqa.selenium.remote.ProtocolHandshake createSession
INFO: Detected dialect: OSS
]]></system-err>
  </testcase>
  <testcase name="tc_Packge_PuneKalyaniNagarSignaturePackage" classname="core.tests.Package" time="99.388">
    <failure message="Failure in Creating Control =&gt; Platform: ANDROID, Page: HomePage, Control Name: payNowBtn, Locator Type: XPATH, Locator Value: //*[contains(@text, &apos;PAY NOW&apos;)]. Exception: Index: 0, Size: 0" type="java.lang.Exception">java.lang.Exception: Failure in Creating Control => Platform: ANDROID, Page: HomePage, Control Name: payNowBtn, Locator Type: XPATH, Locator Value: //*[contains(@text, 'PAY NOW')]. Exception: Index: 0, Size: 0
	at core.tests.Package.tc_Packge_PuneKalyaniNagarSignaturePackage(Package.java:146)
</failure>
    <system-out><![CDATA[[INFO ] [Thread:main] 2019-11-19 17:21:02,374 core.tests.SupportTest.tearDown:L69 - Tear down for test method [tc_Packge_PuneKalyaniNagarLuxuryPackage] started.
[INFO ] [Thread:main] 2019-11-19 17:21:03,858 core.tests.SupportTest.tearDown:L77 - Tear down for test method [tc_Packge_PuneKalyaniNagarLuxuryPackage] ended.
[INFO ] [Thread:main] 2019-11-19 17:21:03,858 core.tests.SupportTest.runOncePerMethod:L56 - Set up for test method [tc_Packge_PuneKalyaniNagarSignaturePackage] started.
[INFO ] [Thread:main] 2019-11-19 17:21:26,289 core.tests.SupportTest.runOncePerMethod:L64 - Set up for test method [tc_Packge_PuneKalyaniNagarSignaturePackage] ended.
]]></system-out>
    <system-err><![CDATA[Nov 19, 2019 5:21:26 PM org.openqa.selenium.remote.ProtocolHandshake createSession
INFO: Detected dialect: OSS
]]></system-err>
  </testcase>
  <testcase name="tc_Packge_PuneShivajiNagarLuxuryPackage" classname="core.tests.Package" time="99.377">
    <failure message="Failure in Creating Control =&gt; Platform: ANDROID, Page: HomePage, Control Name: payNowBtn, Locator Type: XPATH, Locator Value: //*[contains(@text, &apos;PAY NOW&apos;)]. Exception: Index: 0, Size: 0" type="java.lang.Exception">java.lang.Exception: Failure in Creating Control => Platform: ANDROID, Page: HomePage, Control Name: payNowBtn, Locator Type: XPATH, Locator Value: //*[contains(@text, 'PAY NOW')]. Exception: Index: 0, Size: 0
	at core.tests.Package.tc_Packge_PuneShivajiNagarLuxuryPackage(Package.java:138)
</failure>
    <system-out><![CDATA[[INFO ] [Thread:main] 2019-11-19 17:23:05,685 core.tests.SupportTest.tearDown:L69 - Tear down for test method [tc_Packge_PuneKalyaniNagarSignaturePackage] started.
[INFO ] [Thread:main] 2019-11-19 17:23:07,158 core.tests.SupportTest.tearDown:L77 - Tear down for test method [tc_Packge_PuneKalyaniNagarSignaturePackage] ended.
[INFO ] [Thread:main] 2019-11-19 17:23:07,159 core.tests.SupportTest.runOncePerMethod:L56 - Set up for test method [tc_Packge_PuneShivajiNagarLuxuryPackage] started.
[INFO ] [Thread:main] 2019-11-19 17:23:29,303 core.tests.SupportTest.runOncePerMethod:L64 - Set up for test method [tc_Packge_PuneShivajiNagarLuxuryPackage] ended.
]]></system-out>
    <system-err><![CDATA[Nov 19, 2019 5:23:29 PM org.openqa.selenium.remote.ProtocolHandshake createSession
INFO: Detected dialect: OSS
]]></system-err>
  </testcase>
  <testcase name="tc_Packge_PuneShivajiNagarSignaturePackage" classname="core.tests.Package" time="99.222">
    <failure message="Failure in Creating Control =&gt; Platform: ANDROID, Page: HomePage, Control Name: payNowBtn, Locator Type: XPATH, Locator Value: //*[contains(@text, &apos;PAY NOW&apos;)]. Exception: Index: 0, Size: 0" type="java.lang.Exception">java.lang.Exception: Failure in Creating Control => Platform: ANDROID, Page: HomePage, Control Name: payNowBtn, Locator Type: XPATH, Locator Value: //*[contains(@text, 'PAY NOW')]. Exception: Index: 0, Size: 0
	at core.tests.Package.tc_Packge_PuneShivajiNagarSignaturePackage(Package.java:130)
</failure>
    <system-out><![CDATA[[INFO ] [Thread:main] 2019-11-19 17:25:08,690 core.tests.SupportTest.tearDown:L69 - Tear down for test method [tc_Packge_PuneShivajiNagarLuxuryPackage] started.
[INFO ] [Thread:main] 2019-11-19 17:25:10,103 core.tests.SupportTest.tearDown:L77 - Tear down for test method [tc_Packge_PuneShivajiNagarLuxuryPackage] ended.
[INFO ] [Thread:main] 2019-11-19 17:25:10,104 core.tests.SupportTest.runOncePerMethod:L56 - Set up for test method [tc_Packge_PuneShivajiNagarSignaturePackage] started.
[INFO ] [Thread:main] 2019-11-19 17:25:32,436 core.tests.SupportTest.runOncePerMethod:L64 - Set up for test method [tc_Packge_PuneShivajiNagarSignaturePackage] ended.
]]></system-out>
    <system-err><![CDATA[Nov 19, 2019 5:25:32 PM org.openqa.selenium.remote.ProtocolHandshake createSession
INFO: Detected dialect: OSS
]]></system-err>
  </testcase>
</testsuite>